<?xml version="1.0" encoding="UTF-8"?>
<!-- Generated by org.testng.reporters.JUnitReportReporter -->
<testsuite hostname="LTIN198470" failures="0" tests="3" name="testCases.TestCases_001" time="108.882" errors="0" timestamp="2024-02-22T10:07:54 IST" skipped="0">
  <testcase classname="testCases.TestCases_001" name="verify1" time="17.806"/>
  <system-out/>
  <testcase classname="testCases.TestCases_001" name="verify2" time="81.190"/>
  <system-out/>
  <testcase classname="testCases.TestCases_001" name="verify" time="9.886"/>
  <system-out/>
</testsuite> <!-- testCases.TestCases_001 -->
