<?xml version="1.0" encoding="UTF-8"?>
<!-- Generated by org.testng.reporters.JUnitReportReporter -->
<testsuite hostname="LTIN198470" failures="0" tests="2" name="testCases.TC_001_SearchBookshelves" time="1.653" errors="0" timestamp="2024-02-29T17:34:48 IST" skipped="0">
  <testcase classname="testCases.TC_001_SearchBookshelves" name="search" time="0.303"/>
  <system-out/>
  <testcase classname="testCases.TC_001_SearchBookshelves" name="titleValidation" time="1.350"/>
  <system-out/>
</testsuite> <!-- testCases.TC_001_SearchBookshelves -->
