<?xml version="1.0" encoding="UTF-8"?>
<!-- Generated by org.testng.reporters.JUnitReportReporter -->
<testsuite hostname="LTIN198470" failures="0" tests="6" name="testCases.TC_003_GiftCard" time="43.873" errors="0" timestamp="2024-02-29T17:34:48 IST" skipped="0">
  <testcase classname="testCases.TC_003_GiftCard" name="displayGiftPage" time="39.463"/>
  <system-out/>
  <testcase classname="testCases.TC_003_GiftCard" name="clickBirthday" time="0.072"/>
  <system-out/>
  <testcase classname="testCases.TC_003_GiftCard" name="enterAmount_Date" time="0.703"/>
  <system-out/>
  <testcase classname="testCases.TC_003_GiftCard" name="enterDetails" time="1.341"/>
  <system-out/>
  <testcase classname="testCases.TC_003_GiftCard" name="mailValidation" time="1.450"/>
  <system-out/>
  <testcase classname="testCases.TC_003_GiftCard" name="verifyValidEmail" time="0.844"/>
  <system-out/>
</testsuite> <!-- testCases.TC_003_GiftCard -->
