<?xml version="1.0" encoding="UTF-8"?>
<!-- Generated by org.testng.reporters.JUnitReportReporter -->
<testsuite hostname="LTIN198470" failures="0" tests="7" name="testCases.TC_002_SelectItems" time="15.073" errors="0" timestamp="2024-02-29T17:34:48 IST" skipped="0">
  <testcase classname="testCases.TC_002_SelectItems" name="selectCategory" time="3.499"/>
  <system-out/>
  <testcase classname="testCases.TC_002_SelectItems" name="select_price" time="1.358"/>
  <system-out/>
  <testcase classname="testCases.TC_002_SelectItems" name="clickStorageButton" time="2.174"/>
  <system-out/>
  <testcase classname="testCases.TC_002_SelectItems" name="select_filter" time="0.195"/>
  <system-out/>
  <testcase classname="testCases.TC_002_SelectItems" name="print_data" time="4.175"/>
  <system-out/>
  <testcase classname="testCases.TC_002_SelectItems" name="displayNavBar_items" time="0.121"/>
  <system-out/>
  <testcase classname="testCases.TC_002_SelectItems" name="printNavBar_items" time="3.551"/>
  <system-out/>
</testsuite> <!-- testCases.TC_002_SelectItems -->
